
> meezan-website@0.1.0 build
> next build

node.exe : ΓÜá 
Warning: Next.js 
inferred your 
workspace root, but 
it may not be 
correct.
At line:1 char:1
+ & "C:\Program File
s\nodejs/node.exe" 
"C:\Program Files\no
dejs/node_mo ...
+ ~~~~~~~~~~~~~~~~~~
~~~~~~~~~~~~~~~~~~~~
~~~~~~~~~~~~~~~~~~~~
~~~~~~~~~~~
    + CategoryInfo  
            : NotS  
  pecified: (ΓÜá    
 Warning: Ne...n    
ot be correct.:    
String) [], Rem    
oteException
    + FullyQualifie 
   dErrorId : Nati  
  veCommandError
 
 We detected 
multiple lockfiles 
and selected the 
directory of C:\User
s\saifa\package-lock
.json as the root 
directory.
 To silence this 
warning, set 
`turbopack.root` in 
your Next.js 
config, or consider 
removing one of the 
lockfiles if it's 
not needed.
   See https://nextj
s.org/docs/app/api-r
eference/config/next
-config-js/turbopack
#root-directory for 
more information.
 Detected 
additional 
lockfiles: 
   * C:\Users\saifa\
OneDrive\Desktop\mee
zan-website\package-
lock.json

Γû▓ Next.js 16.1.6 (Turbopack)

  Creating an optimized production build ...

> Build error 
occurred
Error: Turbopack 
build failed with 4 
errors:
./OneDrive/Desktop/m
eezan-website/src/ap
p/about/page.tsx:6:1
Export 
HandsVertical 
doesn't exist in 
target module
[0m [90m 4 |[39m 
[36mimport[39m 
[33mLink[39m 
[36mfrom[39m [32m
"next/link"[39m[33
m;[39m
 [90m 5 |[39m 
[36mimport[39m { 
motion } 
[36mfrom[39m [32m
"framer-motion"[39m
[33m;[39m
[31m[1m>[22m[39m
[90m 6 |[39m 
[36mimport[39m { 
[33mGraduationCap[3
9m[33m,[39m [33mC
lipboardList[39m[3
3m,[39m [33mTarget
[39m[33m,[39m [3
3mHandsVertical[39m
[33m,[39m [33mHea
rtHandshake[39m[33
m,[39m [33mBadgeCh
eck[39m } 
[36mfrom[39m [32m
"lucide-react"[39m
[33m;[39m
 [90m   |[39m [31
m[1m^[22m[39m[31
m[1m^[22m[39m[31
m[1m^[22m[39m[31
m[1m^[22m[39m[31
m[1m^[22m[39m[31
m[1m^[22m[39m[31
m[1m^[22m[39m[31
m[1m^[22m[39m[31
m[1m^[22m[39m[31
m[1m^[22m[39m[31
m[1m^[22m[39m[31
m[1m^[22m[39m[31
m[1m^[22m[39m[31
m[1m^[22m[39m[31
m[1m^[22m[39m[31
m[1m^[22m[39m[31
m[1m^[22m[39m[31
m[1m^[22m[39m[31
m[1m^[22m[39m[31
m[1m^[22m[39m[31
m[1m^[22m[39m[31
m[1m^[22m[39m[31
m[1m^[22m[39m[31
m[1m^[22m[39m[31
m[1m^[22m[39m[31
m[1m^[22m[39m[31
m[1m^[22m[39m[31
m[1m^[22m[39m[31
m[1m^[22m[39m[31
m[1m^[22m[39m[31
m[1m^[22m[39m[31
m[1m^[22m[39m[31
m[1m^[22m[39m[31
m[1m^[22m[39m[31
m[1m^[22m[39m[31
m[1m^[22m[39m[31
m[1m^[22m[39m[31
m[1m^[22m[39m[31
m[1m^[22m[39m[31
m[1m^[22m[39m[31
m[1m^[22m[39m[31
m[1m^[22m[39m[31
m[1m^[22m[39m[31
m[1m^[22m[39m[31
m[1m^[22m[39m[31
m[1m^[22m[39m[31
m[1m^[22m[39m[31
m[1m^[22m[39m[31
m[1m^[22m[39m[31
m[1m^[22m[39m[31
m[1m^[22m[39m[31
m[1m^[22m[39m[31
m[1m^[22m[39m[31
m[1m^[22m[39m[31
m[1m^[22m[39m[31
m[1m^[22m[39m[31
m[1m^[22m[39m[31
m[1m^[22m[39m[31
m[1m^[22m[39m[31
m[1m^[22m[39m[31
m[1m^[22m[39m[31
m[1m^[22m[39m[31
m[1m^[22m[39m[31
m[1m^[22m[39m[31
m[1m^[22m[39m[31
m[1m^[22m[39m[31
m[1m^[22m[39m[31
m[1m^[22m[39m[31
m[1m^[22m[39m[31
m[1m^[22m[39m[31
m[1m^[22m[39m[31
m[1m^[22m[39m[31
m[1m^[22m[39m[31
m[1m^[22m[39m[31
m[1m^[22m[39m[31
m[1m^[22m[39m[31
m[1m^[22m[39m[31
m[1m^[22m[39m[31
m[1m^[22m[39m[31
m[1m^[22m[39m[31
m[1m^[22m[39m[31
m[1m^[22m[39m[31
m[1m^[22m[39m[31
m[1m^[22m[39m[31
m[1m^[22m[39m[31
m[1m^[22m[39m[31
m[1m^[22m[39m[31
m[1m^[22m[39m[31
m[1m^[22m[39m[31
m[1m^[22m[39m[31
m[1m^[22m[39m[31
m[1m^[22m[39m[31
m[1m^[22m[39m[31
m[1m^[22m[39m[31
m[1m^[22m[39m[31
m[1m^[22m[39m[31
m[1m^[22m[39m[31
m[1m^[22m[39m[31
m[1m^[22m[39m[31
m[1m^[22m[39m[31
m[1m^[22m[39m[31
m[1m^[22m[39m[31
m[1m^[22m[39m[31
m[1m^[22m[39m[31
m[1m^[22m[39m[31
m[1m^[22m[39m[31
m[1m^[22m[39m[31
m[1m^[22m[39m[31
m[1m^[22m[39m[31
m[1m^[22m[39m[31
m[1m^[22m[39m
 [90m 7 |[39m
 [90m 8 |[39m 
[36mexport[39m 
[36mdefault[39m 
[36mfunction[39m 
[33mAboutPage[39m()
 {
 [90m 9 |[39m     
[36mconst[39m 
team [33m=[39m 
[[0m

The export 
HandsVertical was 
not found in module 
[project]/OneDrive/D
esktop/meezan-websit
e/node_modules/lucid
e-react/dist/esm/luc
ide-react.js 
[app-client] 
(ecmascript).
Did you mean to 
import HandMetal?
All exports of the 
module are 
statically known 
(It doesn't have 
dynamic exports). 
So it's known 
statically that the 
requested export 
doesn't exist.

Import traces:
  Client Component 
Browser:
    ./OneDrive/Deskt
op/meezan-website/sr
c/app/about/page.tsx
 [Client Component 
Browser]
    ./OneDrive/Deskt
op/meezan-website/sr
c/app/about/page.tsx
 [Server Component]

  Client Component 
SSR:
    ./OneDrive/Deskt
op/meezan-website/sr
c/app/about/page.tsx
 [Client Component 
SSR]
    ./OneDrive/Deskt
op/meezan-website/sr
c/app/about/page.tsx
 [Server Component]


./OneDrive/Desktop/m
eezan-website/src/ap
p/about/page.tsx:6:1
Export 
HandsVertical 
doesn't exist in 
target module
[0m [90m 4 |[39m 
[36mimport[39m 
[33mLink[39m 
[36mfrom[39m [32m
"next/link"[39m[33
m;[39m
 [90m 5 |[39m 
[36mimport[39m { 
motion } 
[36mfrom[39m [32m
"framer-motion"[39m
[33m;[39m
[31m[1m>[22m[39m
[90m 6 |[39m 
[36mimport[39m { 
[33mGraduationCap[3
9m[33m,[39m [33mC
lipboardList[39m[3
3m,[39m [33mTarget
[39m[33m,[39m [3
3mHandsVertical[39m
[33m,[39m [33mHea
rtHandshake[39m[33
m,[39m [33mBadgeCh
eck[39m } 
[36mfrom[39m [32m
"lucide-react"[39m
[33m;[39m
 [90m   |[39m [31
m[1m^[22m[39m[31
m[1m^[22m[39m[31
m[1m^[22m[39m[31
m[1m^[22m[39m[31
m[1m^[22m[39m[31
m[1m^[22m[39m[31
m[1m^[22m[39m[31
m[1m^[22m[39m[31
m[1m^[22m[39m[31
m[1m^[22m[39m[31
m[1m^[22m[39m[31
m[1m^[22m[39m[31
m[1m^[22m[39m[31
m[1m^[22m[39m[31
m[1m^[22m[39m[31
m[1m^[22m[39m[31
m[1m^[22m[39m[31
m[1m^[22m[39m[31
m[1m^[22m[39m[31
m[1m^[22m[39m[31
m[1m^[22m[39m[31
m[1m^[22m[39m[31
m[1m^[22m[39m[31
m[1m^[22m[39m[31
m[1m^[22m[39m[31
m[1m^[22m[39m[31
m[1m^[22m[39m[31
m[1m^[22m[39m[31
m[1m^[22m[39m[31
m[1m^[22m[39m[31
m[1m^[22m[39m[31
m[1m^[22m[39m[31
m[1m^[22m[39m[31
m[1m^[22m[39m[31
m[1m^[22m[39m[31
m[1m^[22m[39m[31
m[1m^[22m[39m[31
m[1m^[22m[39m[31
m[1m^[22m[39m[31
m[1m^[22m[39m[31
m[1m^[22m[39m[31
m[1m^[22m[39m[31
m[1m^[22m[39m[31
m[1m^[22m[39m[31
m[1m^[22m[39m[31
m[1m^[22m[39m[31
m[1m^[22m[39m[31
m[1m^[22m[39m[31
m[1m^[22m[39m[31
m[1m^[22m[39m[31
m[1m^[22m[39m[31
m[1m^[22m[39m[31
m[1m^[22m[39m[31
m[1m^[22m[39m[31
m[1m^[22m[39m[31
m[1m^[22m[39m[31
m[1m^[22m[39m[31
m[1m^[22m[39m[31
m[1m^[22m[39m[31
m[1m^[22m[39m[31
m[1m^[22m[39m[31
m[1m^[22m[39m[31
m[1m^[22m[39m[31
m[1m^[22m[39m[31
m[1m^[22m[39m[31
m[1m^[22m[39m[31
m[1m^[22m[39m[31
m[1m^[22m[39m[31
m[1m^[22m[39m[31
m[1m^[22m[39m[31
m[1m^[22m[39m[31
m[1m^[22m[39m[31
m[1m^[22m[39m[31
m[1m^[22m[39m[31
m[1m^[22m[39m[31
m[1m^[22m[39m[31
m[1m^[22m[39m[31
m[1m^[22m[39m[31
m[1m^[22m[39m[31
m[1m^[22m[39m[31
m[1m^[22m[39m[31
m[1m^[22m[39m[31
m[1m^[22m[39m[31
m[1m^[22m[39m[31
m[1m^[22m[39m[31
m[1m^[22m[39m[31
m[1m^[22m[39m[31
m[1m^[22m[39m[31
m[1m^[22m[39m[31
m[1m^[22m[39m[31
m[1m^[22m[39m[31
m[1m^[22m[39m[31
m[1m^[22m[39m[31
m[1m^[22m[39m[31
m[1m^[22m[39m[31
m[1m^[22m[39m[31
m[1m^[22m[39m[31
m[1m^[22m[39m[31
m[1m^[22m[39m[31
m[1m^[22m[39m[31
m[1m^[22m[39m[31
m[1m^[22m[39m[31
m[1m^[22m[39m[31
m[1m^[22m[39m[31
m[1m^[22m[39m[31
m[1m^[22m[39m[31
m[1m^[22m[39m[31
m[1m^[22m[39m[31
m[1m^[22m[39m[31
m[1m^[22m[39m[31
m[1m^[22m[39m
 [90m 7 |[39m
 [90m 8 |[39m 
[36mexport[39m 
[36mdefault[39m 
[36mfunction[39m 
[33mAboutPage[39m()
 {
 [90m 9 |[39m     
[36mconst[39m 
team [33m=[39m 
[[0m

The export 
HandsVertical was 
not found in module 
[project]/OneDrive/D
esktop/meezan-websit
e/node_modules/lucid
e-react/dist/esm/luc
ide-react.js 
[app-ssr] 
(ecmascript).
Did you mean to 
import HandMetal?
All exports of the 
module are 
statically known 
(It doesn't have 
dynamic exports). 
So it's known 
statically that the 
requested export 
doesn't exist.

Import traces:
  Client Component 
Browser:
    ./OneDrive/Deskt
op/meezan-website/sr
c/app/about/page.tsx
 [Client Component 
Browser]
    ./OneDrive/Deskt
op/meezan-website/sr
c/app/about/page.tsx
 [Server Component]

  Client Component 
SSR:
    ./OneDrive/Deskt
op/meezan-website/sr
c/app/about/page.tsx
 [Client Component 
SSR]
    ./OneDrive/Deskt
op/meezan-website/sr
c/app/about/page.tsx
 [Server Component]


./OneDrive/Desktop/m
eezan-website/src/co
mponents/home/ITIntr
oSection.tsx:5:1
Export LayoutKanban 
doesn't exist in 
target module
[0m [90m 3 |[39m 
[36mimport[39m 
[33mLink[39m 
[36mfrom[39m [32m
"next/link"[39m[33
m;[39m
 [90m 4 |[39m 
[36mimport[39m { 
motion } 
[36mfrom[39m [32m
"framer-motion"[39m
[33m;[39m
[31m[1m>[22m[39m
[90m 5 |[39m 
[36mimport[39m { 
[33mBarChart3[39m[
33m,[39m [33mBot[
39m[33m,[39m [33m
PieChart[39m[33m,
[39m [33mLayoutKanb
an[39m } 
[36mfrom[39m [32m
"lucide-react"[39m
[33m;[39m
 [90m   |[39m [31
m[1m^[22m[39m[31
m[1m^[22m[39m[31
m[1m^[22m[39m[31
m[1m^[22m[39m[31
m[1m^[22m[39m[31
m[1m^[22m[39m[31
m[1m^[22m[39m[31
m[1m^[22m[39m[31
m[1m^[22m[39m[31
m[1m^[22m[39m[31
m[1m^[22m[39m[31
m[1m^[22m[39m[31
m[1m^[22m[39m[31
m[1m^[22m[39m[31
m[1m^[22m[39m[31
m[1m^[22m[39m[31
m[1m^[22m[39m[31
m[1m^[22m[39m[31
m[1m^[22m[39m[31
m[1m^[22m[39m[31
m[1m^[22m[39m[31
m[1m^[22m[39m[31
m[1m^[22m[39m[31
m[1m^[22m[39m[31
m[1m^[22m[39m[31
m[1m^[22m[39m[31
m[1m^[22m[39m[31
m[1m^[22m[39m[31
m[1m^[22m[39m[31
m[1m^[22m[39m[31
m[1m^[22m[39m[31
m[1m^[22m[39m[31
m[1m^[22m[39m[31
m[1m^[22m[39m[31
m[1m^[22m[39m[31
m[1m^[22m[39m[31
m[1m^[22m[39m[31
m[1m^[22m[39m[31
m[1m^[22m[39m[31
m[1m^[22m[39m[31
m[1m^[22m[39m[31
m[1m^[22m[39m[31
m[1m^[22m[39m[31
m[1m^[22m[39m[31
m[1m^[22m[39m[31
m[1m^[22m[39m[31
m[1m^[22m[39m[31
m[1m^[22m[39m[31
m[1m^[22m[39m[31
m[1m^[22m[39m[31
m[1m^[22m[39m[31
m[1m^[22m[39m[31
m[1m^[22m[39m[31
m[1m^[22m[39m[31
m[1m^[22m[39m[31
m[1m^[22m[39m[31
m[1m^[22m[39m[31
m[1m^[22m[39m[31
m[1m^[22m[39m[31
m[1m^[22m[39m[31
m[1m^[22m[39m[31
m[1m^[22m[39m[31
m[1m^[22m[39m[31
m[1m^[22m[39m[31
m[1m^[22m[39m[31
m[1m^[22m[39m[31
m[1m^[22m[39m[31
m[1m^[22m[39m[31
m[1m^[22m[39m[31
m[1m^[22m[39m
 [90m 6 |[39m
 [90m 7 |[39m 
[36mexport[39m 
[36mdefault[39m 
[36mfunction[39m 
[33mITIntroSection[
39m() {
 [90m 8 |[39m     
[36mreturn[39m 
([0m

The export 
LayoutKanban was 
not found in module 
[project]/OneDrive/D
esktop/meezan-websit
e/node_modules/lucid
e-react/dist/esm/luc
ide-react.js 
[app-client] 
(ecmascript).
Did you mean to 
import Layout?
All exports of the 
module are 
statically known 
(It doesn't have 
dynamic exports). 
So it's known 
statically that the 
requested export 
doesn't exist.

Import trace:
  Server Component:
    ./OneDrive/Deskt
op/meezan-website/sr
c/components/home/IT
IntroSection.tsx
    ./OneDrive/Deskt
op/meezan-website/sr
c/app/page.tsx


./OneDrive/Desktop/m
eezan-website/src/co
mponents/home/ITIntr
oSection.tsx:5:1
Export LayoutKanban 
doesn't exist in 
target module
[0m [90m 3 |[39m 
[36mimport[39m 
[33mLink[39m 
[36mfrom[39m [32m
"next/link"[39m[33
m;[39m
 [90m 4 |[39m 
[36mimport[39m { 
motion } 
[36mfrom[39m [32m
"framer-motion"[39m
[33m;[39m
[31m[1m>[22m[39m
[90m 5 |[39m 
[36mimport[39m { 
[33mBarChart3[39m[
33m,[39m [33mBot[
39m[33m,[39m [33m
PieChart[39m[33m,
[39m [33mLayoutKanb
an[39m } 
[36mfrom[39m [32m
"lucide-react"[39m
[33m;[39m
 [90m   |[39m [31
m[1m^[22m[39m[31
m[1m^[22m[39m[31
m[1m^[22m[39m[31
m[1m^[22m[39m[31
m[1m^[22m[39m[31
m[1m^[22m[39m[31
m[1m^[22m[39m[31
m[1m^[22m[39m[31
m[1m^[22m[39m[31
m[1m^[22m[39m[31
m[1m^[22m[39m[31
m[1m^[22m[39m[31
m[1m^[22m[39m[31
m[1m^[22m[39m[31
m[1m^[22m[39m[31
m[1m^[22m[39m[31
m[1m^[22m[39m[31
m[1m^[22m[39m[31
m[1m^[22m[39m[31
m[1m^[22m[39m[31
m[1m^[22m[39m[31
m[1m^[22m[39m[31
m[1m^[22m[39m[31
m[1m^[22m[39m[31
m[1m^[22m[39m[31
m[1m^[22m[39m[31
m[1m^[22m[39m[31
m[1m^[22m[39m[31
m[1m^[22m[39m[31
m[1m^[22m[39m[31
m[1m^[22m[39m[31
m[1m^[22m[39m[31
m[1m^[22m[39m[31
m[1m^[22m[39m[31
m[1m^[22m[39m[31
m[1m^[22m[39m[31
m[1m^[22m[39m[31
m[1m^[22m[39m[31
m[1m^[22m[39m[31
m[1m^[22m[39m[31
m[1m^[22m[39m[31
m[1m^[22m[39m[31
m[1m^[22m[39m[31
m[1m^[22m[39m[31
m[1m^[22m[39m[31
m[1m^[22m[39m[31
m[1m^[22m[39m[31
m[1m^[22m[39m[31
m[1m^[22m[39m[31
m[1m^[22m[39m[31
m[1m^[22m[39m[31
m[1m^[22m[39m[31
m[1m^[22m[39m[31
m[1m^[22m[39m[31
m[1m^[22m[39m[31
m[1m^[22m[39m[31
m[1m^[22m[39m[31
m[1m^[22m[39m[31
m[1m^[22m[39m[31
m[1m^[22m[39m[31
m[1m^[22m[39m[31
m[1m^[22m[39m[31
m[1m^[22m[39m[31
m[1m^[22m[39m[31
m[1m^[22m[39m[31
m[1m^[22m[39m[31
m[1m^[22m[39m[31
m[1m^[22m[39m[31
m[1m^[22m[39m[31
m[1m^[22m[39m
 [90m 6 |[39m
 [90m 7 |[39m 
[36mexport[39m 
[36mdefault[39m 
[36mfunction[39m 
[33mITIntroSection[
39m() {
 [90m 8 |[39m     
[36mreturn[39m 
([0m

The export 
LayoutKanban was 
not found in module 
[project]/OneDrive/D
esktop/meezan-websit
e/node_modules/lucid
e-react/dist/esm/luc
ide-react.js 
[app-ssr] 
(ecmascript).
Did you mean to 
import Layout?
All exports of the 
module are 
statically known 
(It doesn't have 
dynamic exports). 
So it's known 
statically that the 
requested export 
doesn't exist.

Import trace:
  Server Component:
    ./OneDrive/Deskt
op/meezan-website/sr
c/components/home/IT
IntroSection.tsx
    ./OneDrive/Deskt
op/meezan-website/sr
c/app/page.tsx


    at <unknown> (./
OneDrive/Desktop/mee
zan-website/src/app/
about/page.tsx:6:1)
    at <unknown> (./
OneDrive/Desktop/mee
zan-website/src/app/
about/page.tsx:6:1)
    at <unknown> (./
OneDrive/Desktop/mee
zan-website/src/comp
onents/home/ITIntroS
ection.tsx:5:1)
    at <unknown> (./
OneDrive/Desktop/mee
zan-website/src/comp
onents/home/ITIntroS
ection.tsx:5:1)
